[ 2012-11-14T00:07:57+08:00 ] ERR: (ThinkException) 无法加载模块q1
[ 2012-11-14T00:13:26+08:00 ] ERR: (ThinkException) 无法加载模块q1
[ 2012-11-14T00:23:06+08:00 ] ERR: (ThinkException) 无法加载模块robots.txt
[ 2012-11-14T00:26:54+08:00 ] ERR: (ThinkException) 无法加载模块q1
[ 2012-11-14T00:27:52+08:00 ] ERR: (ThinkException) 无法加载模块ifr_status
[ 2012-11-14T00:46:23+08:00 ] ERR: (ThinkException) 无法加载模块q1
[ 2012-11-14T00:50:25+08:00 ] ERR: (ThinkException) 无法加载模块wordrank
[ 2012-11-14T00:51:57+08:00 ] ERR: (ThinkException) 无法加载模块robots.txt
[ 2012-11-14T00:57:52+08:00 ] ERR: (ThinkException) 无法加载模块ifr_status
[ 2012-11-14T00:59:45+08:00 ] ERR: (ThinkException) 无法加载模块wordrank
[ 2012-11-14T10:06:10+08:00 ] ERR: (ThinkException) 无法加载模块q1
[ 2012-11-14T10:18:59+08:00 ] ERR: (ThinkException) 无法加载模块q1
[ 2012-11-14T10:31:49+08:00 ] ERR: (ThinkException) 无法加载模块q1
[ 2012-11-14T10:34:14+08:00 ] ERR: (ThinkException) 无法加载模块ifr_status
[ 2012-11-14T10:34:14+08:00 ] ERR: (ThinkException) 无法加载模块ifr_status
[ 2012-11-14T10:42:21+08:00 ] ERR: (ThinkException) 无法加载模块robots.txt
[ 2012-11-14T10:48:43+08:00 ] ERR: (ThinkException) 无法加载模块wordrank
[ 2012-11-14T10:54:18+08:00 ] ERR: (ThinkException) 无法加载模块q1
[ 2012-11-14T10:59:19+08:00 ] ERR: (ThinkException) 无法加载模块wordrank
[ 2012-11-14T11:04:14+08:00 ] ERR: (ThinkException) 无法加载模块ifr_status
[ 2012-11-14T11:04:14+08:00 ] ERR: (ThinkException) 无法加载模块ifr_status
[ 2012-11-14T11:04:48+08:00 ] ERR: (ThinkException) 无法加载模块q1
[ 2012-11-14T11:04:49+08:00 ] ERR: (ThinkException) 无法加载模块wordrank
[ 2012-11-14T11:09:40+08:00 ] ERR: (ThinkException) 无法加载模块ifr_status
[ 2012-11-14T11:09:40+08:00 ] ERR: (ThinkException) 无法加载模块ifr_status
[ 2012-11-14T11:10:24+08:00 ] ERR: (ThinkException) 无法加载模块q1
[ 2012-11-14T11:13:36+08:00 ] ERR: (ThinkException) 无法加载模块q1
[ 2012-11-14T11:18:44+08:00 ] ERR: (ThinkException) 无法加载模块q1
[ 2012-11-14T11:23:24+08:00 ] ERR: (ThinkException) 无法加载模块q1
[ 2012-11-14T11:31:47+08:00 ] ERR: (ThinkException) 无法加载模块robots.txt
[ 2012-11-14T11:31:48+08:00 ] ERR: (ThinkException) 无法加载模块wordrank
[ 2012-11-14T11:31:55+08:00 ] ERR: (ThinkException) 无法加载模块wordrank
[ 2012-11-14T11:37:46+08:00 ] ERR: (ThinkException) 无法加载模块wordrank
[ 2012-11-14T11:39:40+08:00 ] ERR: (ThinkException) 无法加载模块ifr_status
[ 2012-11-14T11:39:40+08:00 ] ERR: (ThinkException) 无法加载模块ifr_status
[ 2012-11-14T11:44:31+08:00 ] ERR: (ThinkException) 无法加载模块q1
[ 2012-11-14T11:46:58+08:00 ] ERR: (ThinkException) 无法加载模块q1
[ 2012-11-14T11:48:57+08:00 ] ERR: (ThinkException) 无法加载模块q1
[ 2012-11-14T11:51:50+08:00 ] ERR: (ThinkException) 无法加载模块q1
[ 2012-11-14T11:55:54+08:00 ] ERR: (ThinkException) 无法加载模块q1
[ 2012-11-14T12:07:29+08:00 ] ERR: (ThinkException) 无法加载模块q1
[ 2012-11-14T12:09:40+08:00 ] ERR: (ThinkException) 无法加载模块ifr_status
[ 2012-11-14T12:09:40+08:00 ] ERR: (ThinkException) 无法加载模块ifr_status
[ 2012-11-14T12:10:39+08:00 ] ERR: (ThinkException) 无法加载模块robots.txt
[ 2012-11-14T12:14:39+08:00 ] ERR: (ThinkException) 无法加载模块q1
[ 2012-11-14T12:17:19+08:00 ] ERR: (ThinkException) 无法加载模块wordrank
[ 2012-11-14T12:17:20+08:00 ] ERR: (ThinkException) 无法加载模块q1
[ 2012-11-14T12:26:28+08:00 ] ERR: (ThinkException) 无法加载模块q1
[ 2012-11-14T12:28:05+08:00 ] ERR: (ThinkException) 无法加载模块q1
[ 2012-11-14T12:28:57+08:00 ] ERR: (ThinkException) 无法加载模块wordrank
[ 2012-11-14T12:39:40+08:00 ] ERR: (ThinkException) 无法加载模块ifr_status
[ 2012-11-14T12:39:40+08:00 ] ERR: (ThinkException) 无法加载模块ifr_status
[ 2012-11-14T12:45:29+08:00 ] ERR: (ThinkException) 无法加载模块q1
[ 2012-11-14T12:50:25+08:00 ] ERR: (ThinkException) 无法加载模块q1
[ 2012-11-14T13:04:29+08:00 ] ERR: (ThinkException) 无法加载模块q1
[ 2012-11-14T13:07:35+08:00 ] ERR: (ThinkException) 无法加载模块wordrank
[ 2012-11-14T13:09:40+08:00 ] ERR: (ThinkException) 无法加载模块ifr_status
[ 2012-11-14T13:09:40+08:00 ] ERR: (ThinkException) 无法加载模块ifr_status
[ 2012-11-14T13:13:24+08:00 ] ERR: (ThinkException) 无法加载模块q1
[ 2012-11-14T13:13:40+08:00 ] ERR: (ThinkException) 无法加载模块robots.txt
[ 2012-11-14T13:13:41+08:00 ] ERR: (ThinkException) 无法加载模块wordrank
[ 2012-11-14T13:23:30+08:00 ] ERR: (ThinkException) 无法加载模块q1
[ 2012-11-14T13:24:52+08:00 ] ERR: (ThinkException) 无法加载模块q1
[ 2012-11-14T13:26:37+08:00 ] ERR: (ThinkException) 无法加载模块q1
[ 2012-11-14T13:38:59+08:00 ] ERR: (ThinkException) 无法加载模块q1
[ 2012-11-14T13:38:59+08:00 ] ERR: (ThinkException) 无法加载模块robots.txt
[ 2012-11-14T13:39:40+08:00 ] ERR: (ThinkException) 无法加载模块ifr_status
[ 2012-11-14T13:39:40+08:00 ] ERR: (ThinkException) 无法加载模块ifr_status
[ 2012-11-14T13:44:27+08:00 ] ERR: (ThinkException) 无法加载模块q1
[ 2012-11-14T13:45:14+08:00 ] ERR: (ThinkException) 无法加载模块q1
[ 2012-11-14T13:46:05+08:00 ] ERR: (ThinkException) 无法加载模块q1
[ 2012-11-14T13:48:32+08:00 ] ERR: (ThinkException) 无法加载模块robots.txt
[ 2012-11-14T13:49:50+08:00 ] ERR: (ThinkException) 无法加载模块q1
[ 2012-11-14T13:50:42+08:00 ] ERR: (ThinkException) 无法加载模块q1
[ 2012-11-14T13:54:02+08:00 ] ERR: (ThinkException) 无法加载模块q1
[ 2012-11-14T13:54:13+08:00 ] ERR: (ThinkException) 无法加载模块q1
[ 2012-11-14T13:54:24+08:00 ] ERR: (ThinkException) 无法加载模块q1
[ 2012-11-14T13:58:28+08:00 ] ERR: (ThinkException) 无法加载模块wordrank
[ 2012-11-14T13:58:29+08:00 ] ERR: (ThinkException) 无法加载模块q1
[ 2012-11-14T14:01:59+08:00 ] ERR: (ThinkException) 无法加载模块q1
[ 2012-11-14T14:03:54+08:00 ] ERR: (ThinkException) 无法加载模块wordrank
[ 2012-11-14T14:05:35+08:00 ] ERR: (ThinkException) 无法加载模块wordrank
[ 2012-11-14T14:05:39+08:00 ] ERR: (ThinkException) 无法加载模块q1
[ 2012-11-14T14:09:40+08:00 ] ERR: (ThinkException) 无法加载模块ifr_status
[ 2012-11-14T14:09:40+08:00 ] ERR: (ThinkException) 无法加载模块ifr_status
[ 2012-11-14T14:14:49+08:00 ] ERR: (ThinkException) 无法加载模块q1
[ 2012-11-14T14:30:46+08:00 ] ERR: (ThinkException) 无法加载模块q1
[ 2012-11-14T14:31:28+08:00 ] ERR: (ThinkException) 无法加载模块q1
[ 2012-11-14T14:36:20+08:00 ] ERR: (ThinkException) 无法加载模块robots.txt
[ 2012-11-14T14:43:37+08:00 ] ERR: (ThinkException) 无法加载模块ifr_status
[ 2012-11-14T14:50:32+08:00 ] ERR: (ThinkException) 无法加载模块q1
[ 2012-11-14T14:55:25+08:00 ] ERR: (ThinkException) 无法加载模块q1
[ 2012-11-14T14:59:01+08:00 ] ERR: (ThinkException) 无法加载模块robots.txt
[ 2012-11-14T15:09:34+08:00 ] ERR: (ThinkException) 无法加载模块robots.txt
[ 2012-11-14T15:09:38+08:00 ] ERR: (ThinkException) 无法加载模块q1
[ 2012-11-14T15:13:37+08:00 ] ERR: (ThinkException) 无法加载模块ifr_status
[ 2012-11-14T15:13:37+08:00 ] ERR: (ThinkException) 无法加载模块ifr_status
[ 2012-11-14T15:14:22+08:00 ] ERR: (ThinkException) 无法加载模块q1
[ 2012-11-14T15:28:49+08:00 ] ERR: (ThinkException) 无法加载模块q1
[ 2012-11-14T15:30:34+08:00 ] ERR: (ThinkException) 无法加载模块robots.txt
[ 2012-11-14T15:32:37+08:00 ] ERR: (ThinkException) 无法加载模块wordrank
[ 2012-11-14T15:34:00+08:00 ] ERR: (ThinkException) 无法加载模块q1
[ 2012-11-14T15:43:37+08:00 ] ERR: (ThinkException) 无法加载模块ifr_status
[ 2012-11-14T15:43:37+08:00 ] ERR: (ThinkException) 无法加载模块ifr_status
[ 2012-11-14T16:13:37+08:00 ] ERR: (ThinkException) 无法加载模块ifr_status
[ 2012-11-14T16:13:37+08:00 ] ERR: (ThinkException) 无法加载模块ifr_status
[ 2012-11-14T16:29:59+08:00 ] ERR: (ThinkException) 无法加载模块robots.txt
[ 2012-11-14T16:30:03+08:00 ] ERR: (ThinkException) 无法加载模块q1
[ 2012-11-14T16:40:40+08:00 ] ERR: (ThinkException) 无法加载模块q1
[ 2012-11-14T16:40:40+08:00 ] ERR: (ThinkException) 无法加载模块q1
[ 2012-11-14T16:41:08+08:00 ] ERR: (ThinkException) 无法加载模块q1
[ 2012-11-14T16:42:21+08:00 ] ERR: (ThinkException) 无法加载模块robots.txt
[ 2012-11-14T16:43:37+08:00 ] ERR: (ThinkException) 无法加载模块ifr_status
[ 2012-11-14T16:43:37+08:00 ] ERR: (ThinkException) 无法加载模块ifr_status
[ 2012-11-14T16:48:29+08:00 ] ERR: (ThinkException) 无法加载模块q1
[ 2012-11-14T16:50:51+08:00 ] ERR: (ThinkException) 无法加载模块q1
[ 2012-11-14T16:59:23+08:00 ] ERR: (ThinkException) 无法加载模块robots.txt
[ 2012-11-14T16:59:24+08:00 ] ERR: (ThinkException) 无法加载模块wordrank
[ 2012-11-14T16:59:49+08:00 ] ERR: (ThinkException) 无法加载模块q1
[ 2012-11-14T17:01:12+08:00 ] ERR: (ThinkException) 无法加载模块q1
[ 2012-11-14T17:05:58+08:00 ] ERR: (ThinkException) 无法加载模块wordrank
[ 2012-11-14T17:13:37+08:00 ] ERR: (ThinkException) 无法加载模块ifr_status
[ 2012-11-14T17:13:37+08:00 ] ERR: (ThinkException) 无法加载模块ifr_status
[ 2012-11-14T17:36:05+08:00 ] ERR: (ThinkException) 无法加载模块robots.txt
[ 2012-11-14T17:36:05+08:00 ] ERR: (ThinkException) 无法加载模块wordrank
[ 2012-11-14T17:37:05+08:00 ] ERR: (ThinkException) 无法加载模块wordrank
[ 2012-11-14T18:27:13+08:00 ] ERR: (ThinkException) 无法加载模块ifr_status
[ 2012-11-14T18:35:14+08:00 ] ERR: (ThinkException) 无法加载模块robots.txt
[ 2012-11-14T18:36:48+08:00 ] ERR: (ThinkException) 无法加载模块robots.txt
[ 2012-11-14T18:48:22+08:00 ] ERR: (ThinkException) 无法加载模块robots.txt
[ 2012-11-14T18:48:27+08:00 ] ERR: (ThinkException) 无法加载模块wordrank
[ 2012-11-14T18:50:34+08:00 ] ERR: (ThinkException) 无法加载模块ifr_status
[ 2012-11-14T18:50:34+08:00 ] ERR: (ThinkException) 无法加载模块ifr_status
[ 2012-11-14T18:57:17+08:00 ] ERR: (ThinkException) 无法加载模块robots.txt
[ 2012-11-14T19:01:57+08:00 ] ERR: (ThinkException) 无法加载模块wordrank
[ 2012-11-14T19:06:11+08:00 ] ERR: (ThinkException) 无法加载模块robots.txt
[ 2012-11-14T19:06:11+08:00 ] ERR: (ThinkException) 无法加载模块q1
[ 2012-11-14T19:10:59+08:00 ] ERR: (ThinkException) 无法加载模块robots.txt
[ 2012-11-14T19:10:59+08:00 ] ERR: (ThinkException) 无法加载模块wordrank
[ 2012-11-14T19:19:18+08:00 ] ERR: (ThinkException) 无法加载模块wordrank
[ 2012-11-14T19:20:34+08:00 ] ERR: (ThinkException) 无法加载模块ifr_status
[ 2012-11-14T19:20:34+08:00 ] ERR: (ThinkException) 无法加载模块ifr_status
[ 2012-11-14T19:20:41+08:00 ] ERR: (ThinkException) 无法加载模块wordrank
[ 2012-11-14T19:26:24+08:00 ] ERR: (ThinkException) 无法加载模块wordrank
[ 2012-11-14T19:28:40+08:00 ] ERR: (ThinkException) 无法加载模块tc_verify.txt
