[ 2012-11-12T00:07:56+08:00 ] ERR: (ThinkException) 无法加载模块Admin
[ 2012-11-12T00:07:57+08:00 ] ERR: (ThinkException) 无法加载模块Admin
[ 2012-11-12T00:07:58+08:00 ] ERR: (ThinkException) 无法加载模块Admin
[ 2012-11-12T00:08:12+08:00 ] ERR: (ThinkException) 无法加载模块Admin
[ 2012-11-12T00:24:38+08:00 ] ERR: (ThinkException) 无法加载模块ifr_status
[ 2012-11-12T00:24:38+08:00 ] ERR: (ThinkException) 无法加载模块ifr_status
[ 2012-11-12T00:47:02+08:00 ] ERR: (ThinkException) 无法加载模块q1
[ 2012-11-12T00:51:49+08:00 ] ERR: (ThinkException) 无法加载模块Public
[ 2012-11-12T00:51:49+08:00 ] ERR: (ThinkException) 无法加载模块Public
[ 2012-11-12T00:54:39+08:00 ] ERR: (ThinkException) 无法加载模块ifr_status
[ 2012-11-12T00:58:03+08:00 ] ERR: (ThinkException) 无法加载模块robots.txt
[ 2012-11-12T00:58:04+08:00 ] ERR: (ThinkException) 无法加载模块wordrank
[ 2012-11-12T01:02:33+08:00 ] ERR: (ThinkException) 无法加载模块wordrank
[ 2012-11-12T01:02:37+08:00 ] ERR: (ThinkException) 无法加载模块q1
[ 2012-11-12T01:24:39+08:00 ] ERR: (ThinkException) 无法加载模块ifr_status
[ 2012-11-12T01:34:51+08:00 ] ERR: (ThinkException) 无法加载模块q1
[ 2012-11-12T01:35:40+08:00 ] ERR: (ThinkException) 无法加载模块robots.txt
[ 2012-11-12T01:35:44+08:00 ] ERR: (ThinkException) 无法加载模块uhquancee
[ 2012-11-12T01:40:14+08:00 ] ERR: (ThinkException) 无法加载模块q1
[ 2012-11-12T01:40:31+08:00 ] ERR: (ThinkException) 无法加载模块uhquancee
[ 2012-11-12T01:42:14+08:00 ] ERR: (ThinkException) 无法加载模块Public
[ 2012-11-12T01:42:15+08:00 ] ERR: (ThinkException) 无法加载模块Public
[ 2012-11-12T01:42:16+08:00 ] ERR: (ThinkException) 无法加载模块Public
[ 2012-11-12T01:42:16+08:00 ] ERR: (ThinkException) 无法加载模块Public
[ 2012-11-12T01:42:17+08:00 ] ERR: (ThinkException) 无法加载模块Public
[ 2012-11-12T01:42:18+08:00 ] ERR: (ThinkException) 无法加载模块Public
[ 2012-11-12T01:42:18+08:00 ] ERR: (ThinkException) 无法加载模块Public
[ 2012-11-12T01:42:18+08:00 ] ERR: (ThinkException) 无法加载模块Public
[ 2012-11-12T01:42:18+08:00 ] ERR: (ThinkException) 无法加载模块Public
[ 2012-11-12T01:46:57+08:00 ] ERR: (ThinkException) 无法加载模块ifr_status
[ 2012-11-12T01:50:07+08:00 ] ERR: (ThinkException) 无法加载模块q1
[ 2012-11-12T01:55:55+08:00 ] ERR: (ThinkException) 无法加载模块q1
[ 2012-11-12T01:56:51+08:00 ] ERR: (ThinkException) 无法加载模块q1
[ 2012-11-12T01:57:21+08:00 ] ERR: (ThinkException) 无法加载模块.admin
[ 2012-11-12T02:08:43+08:00 ] ERR: (ThinkException) 无法加载模块Public
[ 2012-11-12T02:14:15+08:00 ] ERR: (ThinkException) 无法加载模块q1
[ 2012-11-12T02:15:08+08:00 ] ERR: (ThinkException) 无法加载模块q1
[ 2012-11-12T02:16:58+08:00 ] ERR: (ThinkException) 无法加载模块ifr_status
[ 2012-11-12T02:19:24+08:00 ] ERR: (ThinkException) 无法加载模块q1
[ 2012-11-12T02:25:57+08:00 ] ERR: (ThinkException) 无法加载模块robots.txt
[ 2012-11-12T02:25:59+08:00 ] ERR: (ThinkException) 无法加载模块wordrank
[ 2012-11-12T02:29:35+08:00 ] ERR: (ThinkException) 无法加载模块robots.txt
[ 2012-11-12T02:29:36+08:00 ] ERR: (ThinkException) 无法加载模块q1
[ 2012-11-12T02:31:40+08:00 ] ERR: (ThinkException) 无法加载模块wordrank
[ 2012-11-12T02:38:54+08:00 ] ERR: (ThinkException) 无法加载模块q1
[ 2012-11-12T10:22:44+08:00 ] ERR: (ThinkException) 无法加载模块robots.txt
[ 2012-11-12T10:22:46+08:00 ] ERR: (ThinkException) 无法加载模块q1
[ 2012-11-12T11:04:28+08:00 ] ERR: (ThinkException) 无法加载模块robots.txt
[ 2012-11-12T11:04:30+08:00 ] ERR: (ThinkException) 无法加载模块wordrank
[ 2012-11-12T11:06:46+08:00 ] ERR: (ThinkException) 无法加载模块q1
[ 2012-11-12T11:15:55+08:00 ] ERR: (ThinkException) 无法加载模块q1
[ 2012-11-12T11:25:57+08:00 ] ERR: (ThinkException) 无法加载模块robots.txt
[ 2012-11-12T11:25:58+08:00 ] ERR: (ThinkException) 无法加载模块q1
[ 2012-11-12T11:26:30+08:00 ] ERR: (ThinkException) 无法加载模块q1
[ 2012-11-12T11:26:31+08:00 ] ERR: (ThinkException) 无法加载模块q1
[ 2012-11-12T11:26:32+08:00 ] ERR: (ThinkException) 无法加载模块wordrank
[ 2012-11-12T11:33:50+08:00 ] ERR: (ThinkException) 无法加载模块q1
[ 2012-11-12T11:38:18+08:00 ] ERR: (ThinkException) 无法加载模块wordrank
[ 2012-11-12T11:40:26+08:00 ] ERR: (ThinkException) 无法加载模块q1
[ 2012-11-12T11:45:37+08:00 ] ERR: (ThinkException) 无法加载模块wordrank
[ 2012-11-12T11:46:12+08:00 ] ERR: (ThinkException) 无法加载模块wordrank
[ 2012-11-12T11:46:18+08:00 ] ERR: (ThinkException) 无法加载模块q1
[ 2012-11-12T11:56:28+08:00 ] ERR: (ThinkException) 无法加载模块q1
[ 2012-11-12T12:05:22+08:00 ] ERR: (ThinkException) 无法加载模块q1
[ 2012-11-12T12:25:44+08:00 ] ERR: (ThinkException) 无法加载模块q1
[ 2012-11-12T12:30:14+08:00 ] ERR: (ThinkException) 无法加载模块robots.txt
[ 2012-11-12T12:30:18+08:00 ] ERR: (ThinkException) 无法加载模块q1
[ 2012-11-12T12:40:14+08:00 ] ERR: (ThinkException) 无法加载模块q1
[ 2012-11-12T12:46:32+08:00 ] ERR: (ThinkException) 无法加载模块ifr_status
[ 2012-11-12T12:46:32+08:00 ] ERR: (ThinkException) 无法加载模块ifr_status
[ 2012-11-12T12:48:56+08:00 ] ERR: (ThinkException) 无法加载模块q1
[ 2012-11-12T12:49:17+08:00 ] ERR: (ThinkException) 无法加载模块wordrank
[ 2012-11-12T12:49:17+08:00 ] ERR: (ThinkException) 无法加载模块wordrank
[ 2012-11-12T12:56:44+08:00 ] ERR: (ThinkException) 无法加载模块q1
[ 2012-11-12T13:43:48+08:00 ] ERR: (ThinkException) 无法加载模块ifr_status
[ 2012-11-12T13:46:06+08:00 ] ERR: (ThinkException) 无法加载模块robots.txt
[ 2012-11-12T13:46:09+08:00 ] ERR: (ThinkException) 无法加载模块q1
[ 2012-11-12T13:52:54+08:00 ] ERR: (ThinkException) 无法加载模块q1
[ 2012-11-12T13:59:05+08:00 ] ERR: (ThinkException) 无法加载模块q1
[ 2012-11-12T13:59:06+08:00 ] ERR: (ThinkException) 非法操作savebind?card_password=
[ 2012-11-12T14:04:20+08:00 ] ERR: (ThinkException) 无法加载模块q1
[ 2012-11-12T14:13:27+08:00 ] ERR: (ThinkException) 无法加载模块q1
[ 2012-11-12T14:13:43+08:00 ] ERR: (ThinkException) 无法加载模块ifr_status
[ 2012-11-12T14:13:43+08:00 ] ERR: (ThinkException) 无法加载模块ifr_status
[ 2012-11-12T14:23:33+08:00 ] ERR: (ThinkException) 无法加载模块q1
[ 2012-11-12T14:25:48+08:00 ] ERR: (ThinkException) 无法加载模块wordrank
[ 2012-11-12T14:31:31+08:00 ] ERR: (ThinkException) 无法加载模块q1
[ 2012-11-12T14:34:28+08:00 ] ERR: (ThinkException) 无法加载模块q1
[ 2012-11-12T14:38:48+08:00 ] ERR: (ThinkException) 无法加载模块q1
[ 2012-11-12T14:40:45+08:00 ] ERR: (ThinkException) 无法加载模块wordrank
[ 2012-11-12T14:43:43+08:00 ] ERR: (ThinkException) 无法加载模块ifr_status
[ 2012-11-12T14:43:43+08:00 ] ERR: (ThinkException) 无法加载模块ifr_status
[ 2012-11-12T14:50:27+08:00 ] ERR: (ThinkException) 无法加载模块robots.txt
[ 2012-11-12T14:50:28+08:00 ] ERR: (ThinkException) 无法加载模块q1
[ 2012-11-12T14:54:43+08:00 ] ERR: (ThinkException) 无法加载模块q1
[ 2012-11-12T15:06:32+08:00 ] ERR: (ThinkException) 无法加载模块Admin
[ 2012-11-12T15:06:33+08:00 ] ERR: (ThinkException) 无法加载模块Admin
[ 2012-11-12T15:06:34+08:00 ] ERR: (ThinkException) 无法加载模块Admin
[ 2012-11-12T15:06:35+08:00 ] ERR: (ThinkException) 无法加载模块Admin
[ 2012-11-12T15:06:35+08:00 ] ERR: (ThinkException) 无法加载模块Admin
[ 2012-11-12T15:06:35+08:00 ] ERR: (ThinkException) 无法加载模块Admin
[ 2012-11-12T15:06:35+08:00 ] ERR: (ThinkException) 无法加载模块Admin
[ 2012-11-12T15:06:36+08:00 ] ERR: (ThinkException) 无法加载模块Admin
[ 2012-11-12T15:06:42+08:00 ] ERR: (ThinkException) 无法加载模块Admin
[ 2012-11-12T15:09:25+08:00 ] ERR: (ThinkException) 无法加载模块q1
[ 2012-11-12T15:13:44+08:00 ] ERR: (ThinkException) 无法加载模块ifr_status
[ 2012-11-12T15:13:44+08:00 ] ERR: (ThinkException) 无法加载模块ifr_status
[ 2012-11-12T15:21:17+08:00 ] ERR: (ThinkException) 无法加载模块q1
[ 2012-11-12T15:28:20+08:00 ] ERR: (ThinkException) 无法加载模块q1
[ 2012-11-12T15:32:52+08:00 ] ERR: (ThinkException) 无法加载模块q1
[ 2012-11-12T15:43:04+08:00 ] ERR: (ThinkException) 无法加载模块q1
[ 2012-11-12T15:43:44+08:00 ] ERR: (ThinkException) 无法加载模块ifr_status
[ 2012-11-12T15:43:44+08:00 ] ERR: (ThinkException) 无法加载模块ifr_status
[ 2012-11-12T15:47:16+08:00 ] ERR: (ThinkException) 无法加载模块q1
[ 2012-11-12T15:48:02+08:00 ] ERR: (ThinkException) 无法加载模块q1
[ 2012-11-12T16:05:15+08:00 ] ERR: (ThinkException) 无法加载模块wordrank
[ 2012-11-12T16:06:40+08:00 ] ERR: (ThinkException) 无法加载模块q1
[ 2012-11-12T16:12:17+08:00 ] ERR: (ThinkException) 无法加载模块Admin
[ 2012-11-12T16:12:18+08:00 ] ERR: (ThinkException) 无法加载模块Admin
[ 2012-11-12T16:12:19+08:00 ] ERR: (ThinkException) 无法加载模块Admin
[ 2012-11-12T16:12:19+08:00 ] ERR: (ThinkException) 无法加载模块Admin
[ 2012-11-12T16:12:19+08:00 ] ERR: (ThinkException) 无法加载模块Admin
[ 2012-11-12T16:12:19+08:00 ] ERR: (ThinkException) 无法加载模块Admin
[ 2012-11-12T16:13:44+08:00 ] ERR: (ThinkException) 无法加载模块ifr_status
[ 2012-11-12T16:13:44+08:00 ] ERR: (ThinkException) 无法加载模块ifr_status
[ 2012-11-12T16:25:17+08:00 ] ERR: (ThinkException) 无法加载模块robots.txt
[ 2012-11-12T16:25:21+08:00 ] ERR: (ThinkException) 无法加载模块q1
[ 2012-11-12T16:29:04+08:00 ] ERR: (ThinkException) 无法加载模块q1
[ 2012-11-12T16:42:07+08:00 ] ERR: (ThinkException) 无法加载模块q1
[ 2012-11-12T16:43:44+08:00 ] ERR: (ThinkException) 无法加载模块ifr_status
[ 2012-11-12T16:43:44+08:00 ] ERR: (ThinkException) 无法加载模块ifr_status
[ 2012-11-12T16:44:04+08:00 ] ERR: (ThinkException) 无法加载模块q1
[ 2012-11-12T16:56:23+08:00 ] ERR: (ThinkException) 无法加载模块q1
[ 2012-11-12T17:01:01+08:00 ] ERR: (ThinkException) 无法加载模块q1
[ 2012-11-12T17:01:29+08:00 ] ERR: (ThinkException) 无法加载模块q1
[ 2012-11-12T17:13:45+08:00 ] ERR: (ThinkException) 无法加载模块ifr_status
[ 2012-11-12T17:13:45+08:00 ] ERR: (ThinkException) 无法加载模块ifr_status
[ 2012-11-12T17:14:58+08:00 ] ERR: (ThinkException) 无法加载模块q1
[ 2012-11-12T17:14:59+08:00 ] ERR: (ThinkException) 无法加载模块q1
[ 2012-11-12T18:22:25+08:00 ] ERR: (ThinkException) 无法加载模块robots.txt
[ 2012-11-12T18:22:36+08:00 ] ERR: (ThinkException) 无法加载模块q1
[ 2012-11-12T18:38:32+08:00 ] ERR: (ThinkException) 无法加载模块q1
[ 2012-11-12T18:39:56+08:00 ] ERR: (ThinkException) 无法加载模块q1
[ 2012-11-12T18:43:02+08:00 ] ERR: (ThinkException) 无法加载模块q1
[ 2012-11-12T18:44:54+08:00 ] ERR: (ThinkException) 无法加载模块ifr_status
[ 2012-11-12T18:44:54+08:00 ] ERR: (ThinkException) 无法加载模块ifr_status
[ 2012-11-12T18:46:45+08:00 ] ERR: (ThinkException) 无法加载模块q1
[ 2012-11-12T18:55:36+08:00 ] ERR: (ThinkException) 无法加载模块q1
[ 2012-11-12T19:02:47+08:00 ] ERR: (ThinkException) 无法加载模块q1
[ 2012-11-12T19:11:56+08:00 ] ERR: (ThinkException) 无法加载模块q1
[ 2012-11-12T19:14:54+08:00 ] ERR: (ThinkException) 无法加载模块ifr_status
[ 2012-11-12T19:14:54+08:00 ] ERR: (ThinkException) 无法加载模块ifr_status
[ 2012-11-12T19:17:11+08:00 ] ERR: (ThinkException) 无法加载模块q1
[ 2012-11-12T19:22:02+08:00 ] ERR: (ThinkException) 无法加载模块q1
[ 2012-11-12T19:32:39+08:00 ] ERR: (ThinkException) 无法加载模块robots.txt
[ 2012-11-12T19:32:43+08:00 ] ERR: (ThinkException) 无法加载模块q1
[ 2012-11-12T19:34:33+08:00 ] ERR: (ThinkException) 无法加载模块q1
[ 2012-11-12T19:38:07+08:00 ] ERR: (ThinkException) 无法加载模块q1
[ 2012-11-12T19:44:56+08:00 ] ERR: (ThinkException) 无法加载模块ifr_status
[ 2012-11-12T19:44:56+08:00 ] ERR: (ThinkException) 无法加载模块ifr_status
[ 2012-11-12T19:50:54+08:00 ] ERR: (ThinkException) 无法加载模块q1
[ 2012-11-12T19:54:17+08:00 ] ERR: (ThinkException) 无法加载模块q1
[ 2012-11-12T20:02:08+08:00 ] ERR: (ThinkException) 无法加载模块q1
[ 2012-11-12T20:13:25+08:00 ] ERR: (ThinkException) 无法加载模块q1
[ 2012-11-12T20:14:56+08:00 ] ERR: (ThinkException) 无法加载模块ifr_status
[ 2012-11-12T20:14:56+08:00 ] ERR: (ThinkException) 无法加载模块ifr_status
[ 2012-11-12T20:18:16+08:00 ] ERR: (ThinkException) 无法加载模块robots.txt
[ 2012-11-12T20:18:16+08:00 ] ERR: (ThinkException) 无法加载模块wordrank
[ 2012-11-12T20:18:37+08:00 ] ERR: (ThinkException) 无法加载模块q1
[ 2012-11-12T20:19:50+08:00 ] ERR: (ThinkException) 无法加载模块q1
[ 2012-11-12T20:23:54+08:00 ] ERR: (ThinkException) 无法加载模块q1
[ 2012-11-12T20:24:22+08:00 ] ERR: (ThinkException) 无法加载模块wordrank
[ 2012-11-12T20:30:19+08:00 ] ERR: (ThinkException) 无法加载模块q1
[ 2012-11-12T20:39:06+08:00 ] ERR: (ThinkException) 无法加载模块robots.txt
[ 2012-11-12T20:41:34+08:00 ] ERR: (ThinkException) 无法加载模块wordrank
[ 2012-11-12T20:44:56+08:00 ] ERR: (ThinkException) 无法加载模块ifr_status
[ 2012-11-12T20:44:56+08:00 ] ERR: (ThinkException) 无法加载模块ifr_status
[ 2012-11-12T20:50:56+08:00 ] ERR: (ThinkException) 无法加载模块js
[ 2012-11-12T20:50:57+08:00 ] ERR: (ThinkException) 无法加载模块wordrank
[ 2012-11-12T20:55:07+08:00 ] ERR: (ThinkException) 无法加载模块q1
[ 2012-11-12T21:03:46+08:00 ] ERR: (ThinkException) 无法加载模块js
[ 2012-11-12T21:03:49+08:00 ] ERR: (ThinkException) 无法加载模块q1
[ 2012-11-12T21:04:30+08:00 ] ERR: (ThinkException) 无法加载模块q1
[ 2012-11-12T21:14:56+08:00 ] ERR: (ThinkException) 无法加载模块ifr_status
[ 2012-11-12T21:14:56+08:00 ] ERR: (ThinkException) 无法加载模块ifr_status
[ 2012-11-12T21:18:37+08:00 ] ERR: (ThinkException) 无法加载模块robots.txt
[ 2012-11-12T21:44:56+08:00 ] ERR: (ThinkException) 无法加载模块ifr_status
[ 2012-11-12T21:44:56+08:00 ] ERR: (ThinkException) 无法加载模块ifr_status
[ 2012-11-12T21:50:24+08:00 ] ERR: (ThinkException) 无法加载模块robots.txt
[ 2012-11-12T21:50:24+08:00 ] ERR: (ThinkException) 无法加载模块q1
[ 2012-11-12T22:02:58+08:00 ] ERR: (ThinkException) 无法加载模块robots.txt
[ 2012-11-12T22:08:17+08:00 ] ERR: (ThinkException) 无法加载模块wordrank
[ 2012-11-12T22:13:39+08:00 ] ERR: (ThinkException) 无法加载模块robots.txt
[ 2012-11-12T22:14:56+08:00 ] ERR: (ThinkException) 无法加载模块ifr_status
[ 2012-11-12T22:14:56+08:00 ] ERR: (ThinkException) 无法加载模块ifr_status
[ 2012-11-12T22:44:57+08:00 ] ERR: (ThinkException) 无法加载模块ifr_status
[ 2012-11-12T22:44:57+08:00 ] ERR: (ThinkException) 无法加载模块ifr_status
[ 2012-11-12T22:48:53+08:00 ] ERR: (ThinkException) 无法加载模块robots.txt
[ 2012-11-12T22:49:03+08:00 ] ERR: (ThinkException) 无法加载模块q1
[ 2012-11-12T22:58:47+08:00 ] ERR: (ThinkException) 无法加载模块wordrank
[ 2012-11-12T23:03:53+08:00 ] ERR: (ThinkException) 无法加载模块robots.txt
[ 2012-11-12T23:11:49+08:00 ] ERR: (ThinkException) 无法加载模块wordrank
[ 2012-11-12T23:14:57+08:00 ] ERR: (ThinkException) 无法加载模块ifr_status
[ 2012-11-12T23:14:57+08:00 ] ERR: (ThinkException) 无法加载模块ifr_status
[ 2012-11-12T23:17:30+08:00 ] ERR: (ThinkException) 无法加载模块q1
[ 2012-11-12T23:24:30+08:00 ] ERR: (ThinkException) 无法加载模块q1
[ 2012-11-12T23:25:58+08:00 ] ERR: (ThinkException) 无法加载模块q1
[ 2012-11-12T23:31:05+08:00 ] ERR: (ThinkException) 无法加载模块wordrank
[ 2012-11-12T23:31:35+08:00 ] ERR: (ThinkException) 无法加载模块q1
[ 2012-11-12T23:42:19+08:00 ] ERR: (ThinkException) 无法加载模块wordrank
[ 2012-11-12T23:44:37+08:00 ] ERR: (ThinkException) 无法加载模块q1
[ 2012-11-12T23:44:57+08:00 ] ERR: (ThinkException) 无法加载模块ifr_status
[ 2012-11-12T23:44:57+08:00 ] ERR: (ThinkException) 无法加载模块ifr_status
[ 2012-11-12T23:45:11+08:00 ] ERR: (ThinkException) 无法加载模块q1
[ 2012-11-12T23:45:42+08:00 ] ERR: (ThinkException) 无法加载模块q1
[ 2012-11-12T23:46:26+08:00 ] ERR: (ThinkException) 无法加载模块q1
[ 2012-11-12T23:47:14+08:00 ] ERR: (ThinkException) 无法加载模块q1
[ 2012-11-12T23:53:14+08:00 ] ERR: (ThinkException) 无法加载模块robots.txt
[ 2012-11-12T23:53:14+08:00 ] ERR: (ThinkException) 无法加载模块q1
[ 2012-11-12T23:54:04+08:00 ] ERR: (ThinkException) 无法加载模块q1
[ 2012-11-12T23:54:18+08:00 ] ERR: (ThinkException) 无法加载模块q1
[ 2012-11-12T23:54:21+08:00 ] ERR: (ThinkException) 无法加载模块q1
