[ 2012-11-11T14:38:45+08:00 ] ERR: (ThinkException) 非法操作savebind?card_password=
[ 2012-11-11T14:39:08+08:00 ] ERR: (ThinkException) 无法加载模块img
[ 2012-11-11T16:33:51+08:00 ] ERR: (ThinkException) 无法加载模块favicon.ico
[ 2012-11-11T16:34:15+08:00 ] ERR: (ThinkException) 无法加载模块Admin
[ 2012-11-11T16:34:15+08:00 ] ERR: (ThinkException) 无法加载模块favicon.ico
[ 2012-11-11T16:34:16+08:00 ] ERR: (ThinkException) 无法加载模块Admin
[ 2012-11-11T16:34:16+08:00 ] ERR: (ThinkException) 无法加载模块favicon.ico
[ 2012-11-11T16:34:23+08:00 ] ERR: (ThinkException) 无法加载模块q1
[ 2012-11-11T16:34:24+08:00 ] ERR: (ThinkException) 无法加载模块q1
[ 2012-11-11T16:34:24+08:00 ] ERR: (ThinkException) 无法加载模块favicon.ico
[ 2012-11-11T16:35:33+08:00 ] ERR: (ThinkException) 无法加载模块favicon.ico
[ 2012-11-11T16:35:45+08:00 ] ERR: (ThinkException) 无法加载模块favicon.ico
[ 2012-11-11T16:35:46+08:00 ] ERR: (ThinkException) 无法加载模块favicon.ico
[ 2012-11-11T16:37:47+08:00 ] ERR: (ThinkException) 无法加载模块favicon.ico
[ 2012-11-11T16:37:54+08:00 ] ERR: (ThinkException) 无法加载模块favicon.ico
[ 2012-11-11T16:38:03+08:00 ] ERR: (ThinkException) 无法加载模块favicon.ico
[ 2012-11-11T16:38:08+08:00 ] ERR: (ThinkException) 无法加载模块favicon.ico
[ 2012-11-11T16:38:09+08:00 ] ERR: (ThinkException) 无法加载模块favicon.ico
[ 2012-11-11T16:38:11+08:00 ] ERR: (ThinkException) 无法加载模块favicon.ico
[ 2012-11-11T16:38:16+08:00 ] ERR: (ThinkException) 无法加载模块favicon.ico
[ 2012-11-11T16:38:17+08:00 ] ERR: (ThinkException) 无法加载模块favicon.ico
[ 2012-11-11T16:38:23+08:00 ] ERR: (ThinkException) 无法加载模块favicon.ico
[ 2012-11-11T16:38:25+08:00 ] ERR: (ThinkException) 无法加载模块favicon.ico
[ 2012-11-11T16:38:27+08:00 ] ERR: (ThinkException) 无法加载模块favicon.ico
[ 2012-11-11T16:38:28+08:00 ] ERR: (ThinkException) 无法加载模块favicon.ico
[ 2012-11-11T16:38:29+08:00 ] ERR: (ThinkException) 无法加载模块favicon.ico
[ 2012-11-11T16:38:32+08:00 ] ERR: (ThinkException) 无法加载模块favicon.ico
[ 2012-11-11T16:38:37+08:00 ] ERR: (ThinkException) 无法加载模块favicon.ico
[ 2012-11-11T16:41:09+08:00 ] ERR: (ThinkException) 无法加载模块q1
[ 2012-11-11T16:42:50+08:00 ] ERR: (ThinkException) 无法加载模块ifr_status
[ 2012-11-11T16:42:50+08:00 ] ERR: (ThinkException) 无法加载模块ifr_status
[ 2012-11-11T16:56:02+08:00 ] ERR: (ThinkException) 无法加载模块favicon.ico
[ 2012-11-11T16:56:42+08:00 ] ERR: (ThinkException) 无法加载模块main-web
[ 2012-11-11T17:12:26+08:00 ] ERR: (ThinkException) 无法加载模块favicon.ico
[ 2012-11-11T17:12:50+08:00 ] ERR: (ThinkException) 无法加载模块ifr_status
[ 2012-11-11T17:12:50+08:00 ] ERR: (ThinkException) 无法加载模块ifr_status
[ 2012-11-11T17:28:10+08:00 ] ERR: (ThinkException) 无法加载模块favicon.ico
[ 2012-11-11T17:42:50+08:00 ] ERR: (ThinkException) 无法加载模块ifr_status
[ 2012-11-11T17:42:50+08:00 ] ERR: (ThinkException) 无法加载模块ifr_status
[ 2012-11-11T18:12:33+08:00 ] ERR: (ThinkException) 无法加载模块ifr_status
[ 2012-11-11T18:12:33+08:00 ] ERR: (ThinkException) 无法加载模块ifr_status
[ 2012-11-11T18:16:19+08:00 ] ERR: (ThinkException) 无法加载模块q1
[ 2012-11-11T18:16:25+08:00 ] ERR: (ThinkException) 无法加载模块q1
[ 2012-11-11T18:16:30+08:00 ] ERR: (ThinkException) 无法加载模块q1
[ 2012-11-11T18:30:08+08:00 ] ERR: (ThinkException) 无法加载模块q1
[ 2012-11-11T18:30:19+08:00 ] ERR: (ThinkException) 无法加载模块q1
[ 2012-11-11T18:30:37+08:00 ] ERR: (ThinkException) 无法加载模块q1
[ 2012-11-11T18:39:53+08:00 ] ERR: (ThinkException) 无法加载模块q1
[ 2012-11-11T18:42:34+08:00 ] ERR: (ThinkException) 无法加载模块ifr_status
[ 2012-11-11T18:42:34+08:00 ] ERR: (ThinkException) 无法加载模块ifr_status
[ 2012-11-11T18:52:59+08:00 ] ERR: (ThinkException) 无法加载模块q1
[ 2012-11-11T18:59:34+08:00 ] ERR: (ThinkException) 无法加载模块q1
[ 2012-11-11T19:06:38+08:00 ] ERR: (ThinkException) 无法加载模块q1
[ 2012-11-11T19:12:34+08:00 ] ERR: (ThinkException) 无法加载模块ifr_status
[ 2012-11-11T19:12:34+08:00 ] ERR: (ThinkException) 无法加载模块ifr_status
[ 2012-11-11T19:15:19+08:00 ] ERR: (ThinkException) 无法加载模块q1
[ 2012-11-11T19:28:24+08:00 ] ERR: (ThinkException) 无法加载模块q1
[ 2012-11-11T19:33:34+08:00 ] ERR: (ThinkException) 无法加载模块q1
[ 2012-11-11T19:42:34+08:00 ] ERR: (ThinkException) 无法加载模块ifr_status
[ 2012-11-11T19:42:34+08:00 ] ERR: (ThinkException) 无法加载模块ifr_status
[ 2012-11-11T19:47:13+08:00 ] ERR: (ThinkException) 无法加载模块q1
[ 2012-11-11T19:58:30+08:00 ] ERR: (ThinkException) 无法加载模块q1
[ 2012-11-11T20:05:41+08:00 ] ERR: (ThinkException) 无法加载模块q1
[ 2012-11-11T20:12:34+08:00 ] ERR: (ThinkException) 无法加载模块ifr_status
[ 2012-11-11T20:12:34+08:00 ] ERR: (ThinkException) 无法加载模块ifr_status
[ 2012-11-11T20:13:46+08:00 ] ERR: (ThinkException) 无法加载模块q1
[ 2012-11-11T20:20:22+08:00 ] ERR: (ThinkException) 无法加载模块q1
[ 2012-11-11T20:20:48+08:00 ] ERR: (ThinkException) 无法加载模块robots.txt
[ 2012-11-11T20:20:58+08:00 ] ERR: (ThinkException) 无法加载模块wordrank
[ 2012-11-11T20:20:58+08:00 ] ERR: (ThinkException) 无法加载模块q1
[ 2012-11-11T20:26:15+08:00 ] ERR: (ThinkException) 无法加载模块q1
[ 2012-11-11T20:30:33+08:00 ] ERR: (ThinkException) 无法加载模块q1
[ 2012-11-11T20:31:41+08:00 ] ERR: (ThinkException) 无法加载模块wordrank
[ 2012-11-11T20:40:09+08:00 ] ERR: (ThinkException) 无法加载模块q1
[ 2012-11-11T20:42:34+08:00 ] ERR: (ThinkException) 无法加载模块ifr_status
[ 2012-11-11T20:42:35+08:00 ] ERR: (ThinkException) 无法加载模块ifr_status
[ 2012-11-11T20:45:21+08:00 ] ERR: (ThinkException) 无法加载模块q1
[ 2012-11-11T20:48:22+08:00 ] ERR: (ThinkException) 无法加载模块wordrank
[ 2012-11-11T20:56:51+08:00 ] ERR: (ThinkException) 无法加载模块q1
[ 2012-11-11T21:05:35+08:00 ] ERR: (ThinkException) 无法加载模块q1
[ 2012-11-11T21:08:12+08:00 ] ERR: (ThinkException) 无法加载模块robots.txt
[ 2012-11-11T21:10:20+08:00 ] ERR: (ThinkException) 无法加载模块q1
[ 2012-11-11T21:12:35+08:00 ] ERR: (ThinkException) 无法加载模块ifr_status
[ 2012-11-11T21:12:35+08:00 ] ERR: (ThinkException) 无法加载模块ifr_status
[ 2012-11-11T21:18:36+08:00 ] ERR: (ThinkException) 无法加载模块q1
[ 2012-11-11T21:24:37+08:00 ] ERR: (ThinkException) 无法加载模块ifr_status
[ 2012-11-11T21:54:37+08:00 ] ERR: (ThinkException) 无法加载模块ifr_status
[ 2012-11-11T21:54:37+08:00 ] ERR: (ThinkException) 无法加载模块ifr_status
[ 2012-11-11T22:04:35+08:00 ] ERR: (ThinkException) 无法加载模块favicon.ico
[ 2012-11-11T22:04:36+08:00 ] ERR: (ThinkException) 无法加载模块favicon.ico
[ 2012-11-11T22:04:37+08:00 ] ERR: (ThinkException) 无法加载模块favicon.ico
[ 2012-11-11T22:24:37+08:00 ] ERR: (ThinkException) 无法加载模块ifr_status
[ 2012-11-11T22:29:02+08:00 ] ERR: (ThinkException) 无法加载模块favicon.ico
[ 2012-11-11T22:32:50+08:00 ] ERR: (ThinkException) 无法加载模块robots.txt
[ 2012-11-11T22:32:53+08:00 ] ERR: (ThinkException) 无法加载模块wordrank
[ 2012-11-11T22:33:29+08:00 ] ERR: (ThinkException) 无法加载模块wordrank
[ 2012-11-11T22:34:57+08:00 ] ERR: (ThinkException) 无法加载模块favicon.ico
[ 2012-11-11T22:35:05+08:00 ] ERR: (ThinkException) 无法加载模块robots.txt
[ 2012-11-11T22:41:34+08:00 ] ERR: (ThinkException) 无法加载模块favicon.ico
[ 2012-11-11T22:46:01+08:00 ] ERR: (ThinkException) 无法加载模块q1
[ 2012-11-11T22:46:01+08:00 ] ERR: (ThinkException) 无法加载模块favicon.ico
[ 2012-11-11T22:46:12+08:00 ] ERR: (ThinkException) 无法加载模块favicon.ico
[ 2012-11-11T22:46:15+08:00 ] ERR: (ThinkException) 无法加载模块favicon.ico
[ 2012-11-11T22:47:52+08:00 ] ERR: (ThinkException) 无法加载模块favicon.ico
[ 2012-11-11T22:48:21+08:00 ] ERR: (ThinkException) 无法加载模块favicon.ico
[ 2012-11-11T22:49:18+08:00 ] ERR: (ThinkException) 无法加载模块favicon.ico
[ 2012-11-11T22:49:22+08:00 ] ERR: (ThinkException) 无法加载模块favicon.ico
[ 2012-11-11T22:49:24+08:00 ] ERR: (ThinkException) 无法加载模块favicon.ico
[ 2012-11-11T22:49:28+08:00 ] ERR: (ThinkException) 无法加载模块favicon.ico
[ 2012-11-11T22:49:30+08:00 ] ERR: (ThinkException) 无法加载模块favicon.ico
[ 2012-11-11T22:49:34+08:00 ] ERR: (ThinkException) 无法加载模块wordrank
[ 2012-11-11T22:49:38+08:00 ] ERR: (ThinkException) 无法加载模块wordrank
[ 2012-11-11T22:50:44+08:00 ] ERR: (ThinkException) 无法加载模块favicon.ico
[ 2012-11-11T22:51:47+08:00 ] ERR: (ThinkException) 无法加载模块favicon.ico
[ 2012-11-11T22:53:17+08:00 ] ERR: (ThinkException) 无法加载模块favicon.ico
[ 2012-11-11T22:54:38+08:00 ] ERR: (ThinkException) 无法加载模块ifr_status
[ 2012-11-11T22:54:38+08:00 ] ERR: (ThinkException) 无法加载模块ifr_status
[ 2012-11-11T23:24:38+08:00 ] ERR: (ThinkException) 无法加载模块ifr_status
[ 2012-11-11T23:35:53+08:00 ] ERR: (ThinkException) 无法加载模块robots.txt
[ 2012-11-11T23:43:04+08:00 ] ERR: (ThinkException) 无法加载模块robots.txt
[ 2012-11-11T23:54:38+08:00 ] ERR: (ThinkException) 无法加载模块ifr_status
