[ 2012-11-13T00:02:10+08:00 ] ERR: (ThinkException) 无法加载模块wordrank
[ 2012-11-13T00:03:55+08:00 ] ERR: (ThinkException) 无法加载模块q1
[ 2012-11-13T00:08:06+08:00 ] ERR: (ThinkException) 无法加载模块q1
[ 2012-11-13T00:10:08+08:00 ] ERR: (ThinkException) 无法加载模块q1
[ 2012-11-13T00:11:28+08:00 ] ERR: (ThinkException) 无法加载模块q1
[ 2012-11-13T00:14:57+08:00 ] ERR: (ThinkException) 无法加载模块ifr_status
[ 2012-11-13T10:49:58+08:00 ] ERR: (ThinkException) 无法加载模块q1
[ 2012-11-13T10:50:15+08:00 ] ERR: (ThinkException) 无法加载模块q1
[ 2012-11-13T10:50:33+08:00 ] ERR: (ThinkException) 无法加载模块q1
[ 2012-11-13T10:50:37+08:00 ] ERR: (ThinkException) 无法加载模块q1
[ 2012-11-13T10:51:31+08:00 ] ERR: (ThinkException) 无法加载模块q1
[ 2012-11-13T10:51:49+08:00 ] ERR: (ThinkException) 无法加载模块ifr_status
[ 2012-11-13T10:51:49+08:00 ] ERR: (ThinkException) 无法加载模块ifr_status
[ 2012-11-13T10:52:47+08:00 ] ERR: (ThinkException) 无法加载模块robots.txt
[ 2012-11-13T10:52:48+08:00 ] ERR: (ThinkException) 无法加载模块wordrank
[ 2012-11-13T10:54:47+08:00 ] ERR: (ThinkException) 无法加载模块q1
[ 2012-11-13T11:01:09+08:00 ] ERR: (ThinkException) 无法加载模块wordrank
[ 2012-11-13T11:01:23+08:00 ] ERR: (ThinkException) 无法加载模块q1
[ 2012-11-13T11:03:52+08:00 ] ERR: (ThinkException) 无法加载模块q1
[ 2012-11-13T11:06:10+08:00 ] ERR: (ThinkException) 无法加载模块wordrank
[ 2012-11-13T11:06:55+08:00 ] ERR: (ThinkException) 无法加载模块q1
[ 2012-11-13T11:11:58+08:00 ] ERR: (ThinkException) 无法加载模块q1
[ 2012-11-13T11:14:15+08:00 ] ERR: (ThinkException) 无法加载模块q1
[ 2012-11-13T11:14:16+08:00 ] ERR: (ThinkException) 无法加载模块wordrank
[ 2012-11-13T11:14:58+08:00 ] ERR: (ThinkException) 无法加载模块q1
[ 2012-11-13T11:18:27+08:00 ] ERR: (ThinkException) 无法加载模块q1
[ 2012-11-13T11:18:28+08:00 ] ERR: (ThinkException) 无法加载模块wordrank
[ 2012-11-13T11:21:49+08:00 ] ERR: (ThinkException) 无法加载模块ifr_status
[ 2012-11-13T11:21:49+08:00 ] ERR: (ThinkException) 无法加载模块ifr_status
[ 2012-11-13T11:26:17+08:00 ] ERR: (ThinkException) 无法加载模块q1
[ 2012-11-13T11:31:33+08:00 ] ERR: (ThinkException) 无法加载模块q1
[ 2012-11-13T11:32:51+08:00 ] ERR: (ThinkException) 无法加载模块img
[ 2012-11-13T11:44:17+08:00 ] ERR: (ThinkException) 无法加载模块q1
[ 2012-11-13T11:49:11+08:00 ] ERR: (ThinkException) 无法加载模块q1
[ 2012-11-13T11:51:52+08:00 ] ERR: (ThinkException) 无法加载模块ifr_status
[ 2012-11-13T11:51:52+08:00 ] ERR: (ThinkException) 无法加载模块ifr_status
[ 2012-11-13T11:53:37+08:00 ] ERR: (ThinkException) 无法加载模块ifr_status
[ 2012-11-13T11:53:37+08:00 ] ERR: (ThinkException) 无法加载模块ifr_status
[ 2012-11-13T11:57:30+08:00 ] ERR: (ThinkException) 无法加载模块q1
[ 2012-11-13T12:10:35+08:00 ] ERR: (ThinkException) 无法加载模块robots.txt
[ 2012-11-13T12:12:14+08:00 ] ERR: (ThinkException) 无法加载模块q1
[ 2012-11-13T12:13:33+08:00 ] ERR: (ThinkException) 无法加载模块q1
[ 2012-11-13T12:15:28+08:00 ] ERR: (ThinkException) 无法加载模块js
[ 2012-11-13T12:23:37+08:00 ] ERR: (ThinkException) 无法加载模块ifr_status
[ 2012-11-13T12:23:37+08:00 ] ERR: (ThinkException) 无法加载模块ifr_status
[ 2012-11-13T12:24:13+08:00 ] ERR: (ThinkException) 无法加载模块q1
[ 2012-11-13T12:27:28+08:00 ] ERR: (ThinkException) 无法加载模块q1
[ 2012-11-13T12:29:45+08:00 ] ERR: (ThinkException) 无法加载模块robots.txt
[ 2012-11-13T12:29:59+08:00 ] ERR: (ThinkException) 无法加载模块wordrank
[ 2012-11-13T12:42:51+08:00 ] ERR: (ThinkException) 无法加载模块q1
[ 2012-11-13T12:45:03+08:00 ] ERR: (ThinkException) 无法加载模块q1
[ 2012-11-13T12:53:37+08:00 ] ERR: (ThinkException) 无法加载模块ifr_status
[ 2012-11-13T12:53:38+08:00 ] ERR: (ThinkException) 无法加载模块ifr_status
[ 2012-11-13T12:58:08+08:00 ] ERR: (ThinkException) 无法加载模块q1
[ 2012-11-13T12:59:29+08:00 ] ERR: (ThinkException) 无法加载模块q1
[ 2012-11-13T13:11:51+08:00 ] ERR: (ThinkException) 无法加载模块q1
[ 2012-11-13T13:12:29+08:00 ] ERR: (ThinkException) 无法加载模块q1
[ 2012-11-13T13:17:16+08:00 ] ERR: (ThinkException) 无法加载模块q1
[ 2012-11-13T13:23:38+08:00 ] ERR: (ThinkException) 无法加载模块ifr_status
[ 2012-11-13T13:23:38+08:00 ] ERR: (ThinkException) 无法加载模块ifr_status
[ 2012-11-13T13:25:12+08:00 ] ERR: (ThinkException) 无法加载模块q1
[ 2012-11-13T13:26:37+08:00 ] ERR: (ThinkException) 无法加载模块q1
[ 2012-11-13T13:34:31+08:00 ] ERR: (ThinkException) 无法加载模块ifr_status
[ 2012-11-13T13:34:31+08:00 ] ERR: (ThinkException) 无法加载模块ifr_status
[ 2012-11-13T13:42:47+08:00 ] ERR: (ThinkException) 无法加载模块q1
[ 2012-11-13T13:48:28+08:00 ] ERR: (ThinkException) 无法加载模块robots.txt
[ 2012-11-13T13:48:29+08:00 ] ERR: (ThinkException) 无法加载模块wordrank
[ 2012-11-13T13:50:21+08:00 ] ERR: (ThinkException) 无法加载模块q1
[ 2012-11-13T13:51:58+08:00 ] ERR: (ThinkException) 无法加载模块q1
[ 2012-11-13T13:57:30+08:00 ] ERR: (ThinkException) 无法加载模块wordrank
[ 2012-11-13T13:57:48+08:00 ] ERR: (ThinkException) 无法加载模块q1
[ 2012-11-13T13:58:04+08:00 ] ERR: (ThinkException) 无法加载模块q1
[ 2012-11-13T14:02:32+08:00 ] ERR: (ThinkException) 无法加载模块q1
[ 2012-11-13T14:02:37+08:00 ] ERR: (ThinkException) 无法加载模块js
[ 2012-11-13T14:04:31+08:00 ] ERR: (ThinkException) 无法加载模块ifr_status
[ 2012-11-13T14:04:31+08:00 ] ERR: (ThinkException) 无法加载模块ifr_status
[ 2012-11-13T14:09:40+08:00 ] ERR: (ThinkException) 无法加载模块wordrank
[ 2012-11-13T14:13:49+08:00 ] ERR: (ThinkException) 无法加载模块wordrank
[ 2012-11-13T14:13:50+08:00 ] ERR: (ThinkException) 无法加载模块wordrank
[ 2012-11-13T14:13:52+08:00 ] ERR: (ThinkException) 无法加载模块wordrank
[ 2012-11-13T14:13:54+08:00 ] ERR: (ThinkException) 无法加载模块wordrank
[ 2012-11-13T14:13:57+08:00 ] ERR: (ThinkException) 无法加载模块wordrank
[ 2012-11-13T14:14:00+08:00 ] ERR: (ThinkException) 无法加载模块wordrank
[ 2012-11-13T14:14:04+08:00 ] ERR: (ThinkException) 无法加载模块wordrank
[ 2012-11-13T14:14:04+08:00 ] ERR: (ThinkException) 无法加载模块wordrank
[ 2012-11-13T14:14:12+08:00 ] ERR: (ThinkException) 无法加载模块wordrank
[ 2012-11-13T14:14:13+08:00 ] ERR: (ThinkException) 无法加载模块js
[ 2012-11-13T14:14:21+08:00 ] ERR: (ThinkException) 无法加载模块wordrank
[ 2012-11-13T14:14:30+08:00 ] ERR: (ThinkException) 无法加载模块wordrank
[ 2012-11-13T14:14:39+08:00 ] ERR: (ThinkException) 无法加载模块wordrank
[ 2012-11-13T14:14:47+08:00 ] ERR: (ThinkException) 无法加载模块wordrank
[ 2012-11-13T14:26:15+08:00 ] ERR: (ThinkException) 无法加载模块q1
[ 2012-11-13T14:32:48+08:00 ] ERR: (ThinkException) 无法加载模块q1
[ 2012-11-13T14:34:31+08:00 ] ERR: (ThinkException) 无法加载模块ifr_status
[ 2012-11-13T14:34:31+08:00 ] ERR: (ThinkException) 无法加载模块ifr_status
[ 2012-11-13T14:43:46+08:00 ] ERR: (ThinkException) 无法加载模块q1
[ 2012-11-13T14:50:10+08:00 ] ERR: (ThinkException) 无法加载模块ifr_status
[ 2012-11-13T14:52:29+08:00 ] ERR: (ThinkException) 无法加载模块q1
[ 2012-11-13T14:55:50+08:00 ] ERR: (ThinkException) 无法加载模块img
[ 2012-11-13T14:55:50+08:00 ] ERR: (ThinkException) 无法加载模块img
[ 2012-11-13T14:58:49+08:00 ] ERR: (ThinkException) 无法加载模块q1
[ 2012-11-13T15:06:56+08:00 ] ERR: (ThinkException) 无法加载模块q1
[ 2012-11-13T15:16:46+08:00 ] ERR: (ThinkException) 无法加载模块q1
[ 2012-11-13T15:20:10+08:00 ] ERR: (ThinkException) 无法加载模块ifr_status
[ 2012-11-13T15:20:10+08:00 ] ERR: (ThinkException) 无法加载模块ifr_status
[ 2012-11-13T15:21:33+08:00 ] ERR: (ThinkException) 无法加载模块q1
[ 2012-11-13T15:33:53+08:00 ] ERR: (ThinkException) 无法加载模块robots.txt
[ 2012-11-13T15:33:54+08:00 ] ERR: (ThinkException) 无法加载模块wordrank
[ 2012-11-13T15:36:09+08:00 ] ERR: (ThinkException) 无法加载模块q1
[ 2012-11-13T15:36:34+08:00 ] ERR: (ThinkException) 无法加载模块q1
[ 2012-11-13T15:47:47+08:00 ] ERR: (ThinkException) 无法加载模块wordrank
[ 2012-11-13T15:47:47+08:00 ] ERR: (ThinkException) 无法加载模块q1
[ 2012-11-13T15:50:10+08:00 ] ERR: (ThinkException) 无法加载模块ifr_status
[ 2012-11-13T15:50:47+08:00 ] ERR: (ThinkException) 无法加载模块q1
[ 2012-11-13T15:51:30+08:00 ] ERR: (ThinkException) 无法加载模块q1
[ 2012-11-13T15:58:44+08:00 ] ERR: (ThinkException) 无法加载模块q1
[ 2012-11-13T16:05:23+08:00 ] ERR: (ThinkException) 无法加载模块robots.txt
[ 2012-11-13T16:05:23+08:00 ] ERR: (ThinkException) 无法加载模块q1
[ 2012-11-13T16:11:16+08:00 ] ERR: (ThinkException) 无法加载模块q1
[ 2012-11-13T16:16:06+08:00 ] ERR: (ThinkException) 无法加载模块q1
[ 2012-11-13T16:20:10+08:00 ] ERR: (ThinkException) 无法加载模块ifr_status
[ 2012-11-13T16:20:10+08:00 ] ERR: (ThinkException) 无法加载模块ifr_status
[ 2012-11-13T16:31:32+08:00 ] ERR: (ThinkException) 无法加载模块Admin
[ 2012-11-13T16:31:42+08:00 ] ERR: (ThinkException) 无法加载模块Admin
[ 2012-11-13T16:31:42+08:00 ] ERR: (ThinkException) 无法加载模块Admin
[ 2012-11-13T16:36:58+08:00 ] ERR: (ThinkException) 无法加载模块Admin
[ 2012-11-13T16:36:59+08:00 ] ERR: (ThinkException) 无法加载模块Admin
[ 2012-11-13T16:37:00+08:00 ] ERR: (ThinkException) 无法加载模块Admin
[ 2012-11-13T16:38:15+08:00 ] ERR: (ThinkException) 无法加载模块q1
[ 2012-11-13T16:39:03+08:00 ] ERR: (ThinkException) 无法加载模块q1
[ 2012-11-13T16:48:03+08:00 ] ERR: (ThinkException) 无法加载模块robots.txt
[ 2012-11-13T16:48:13+08:00 ] ERR: (ThinkException) 无法加载模块wordrank
[ 2012-11-13T16:50:10+08:00 ] ERR: (ThinkException) 无法加载模块ifr_status
[ 2012-11-13T16:51:49+08:00 ] ERR: (ThinkException) 无法加载模块q1
[ 2012-11-13T16:53:50+08:00 ] ERR: (ThinkException) 无法加载模块wordrank
[ 2012-11-13T16:57:45+08:00 ] ERR: (ThinkException) 无法加载模块q1
[ 2012-11-13T16:57:49+08:00 ] ERR: (ThinkException) 无法加载模块q1
[ 2012-11-13T17:03:11+08:00 ] ERR: (ThinkException) 无法加载模块Admin
[ 2012-11-13T17:03:12+08:00 ] ERR: (ThinkException) 无法加载模块Admin
[ 2012-11-13T17:03:55+08:00 ] ERR: (ThinkException) 无法加载模块q1
[ 2012-11-13T17:04:13+08:00 ] ERR: (ThinkException) 无法加载模块q1
[ 2012-11-13T17:07:15+08:00 ] ERR: (ThinkException) 无法加载模块Admin
[ 2012-11-13T17:07:16+08:00 ] ERR: (ThinkException) 无法加载模块Admin
[ 2012-11-13T17:07:16+08:00 ] ERR: (ThinkException) 无法加载模块Admin
[ 2012-11-13T17:07:16+08:00 ] ERR: (ThinkException) 无法加载模块Admin
[ 2012-11-13T17:09:33+08:00 ] ERR: (ThinkException) 无法加载模块robots.txt
[ 2012-11-13T17:09:34+08:00 ] ERR: (ThinkException) 无法加载模块q1
[ 2012-11-13T17:11:01+08:00 ] ERR: (ThinkException) 无法加载模块wordrank
[ 2012-11-13T17:14:46+08:00 ] ERR: (ThinkException) 无法加载模块Admin
[ 2012-11-13T17:16:06+08:00 ] ERR: (ThinkException) 无法加载模块wordrank
[ 2012-11-13T17:17:18+08:00 ] ERR: (ThinkException) 无法加载模块q1
[ 2012-11-13T17:18:14+08:00 ] ERR: (ThinkException) 无法加载模块phpMyAdmin
[ 2012-11-13T17:18:14+08:00 ] ERR: (ThinkException) 无法加载模块phpmyadmin
[ 2012-11-13T17:18:14+08:00 ] ERR: (ThinkException) 无法加载模块pma
[ 2012-11-13T17:18:14+08:00 ] ERR: (ThinkException) 无法加载模块myadmin
[ 2012-11-13T17:18:14+08:00 ] ERR: (ThinkException) 无法加载模块MyAdmin
[ 2012-11-13T17:20:11+08:00 ] ERR: (ThinkException) 无法加载模块ifr_status
[ 2012-11-13T17:21:00+08:00 ] ERR: (ThinkException) 无法加载模块q1
[ 2012-11-13T17:22:13+08:00 ] ERR: (ThinkException) 无法加载模块q1
[ 2012-11-13T17:27:21+08:00 ] ERR: (ThinkException) 无法加载模块q1
[ 2012-11-13T17:29:50+08:00 ] ERR: (ThinkException) 无法加载模块wordrank
[ 2012-11-13T17:30:03+08:00 ] ERR: (ThinkException) 无法加载模块Admin
[ 2012-11-13T17:30:17+08:00 ] ERR: (ThinkException) 无法加载模块Admin
[ 2012-11-13T17:33:12+08:00 ] ERR: (ThinkException) 无法加载模块wordrank
[ 2012-11-13T17:34:21+08:00 ] ERR: (ThinkException) 无法加载模块Admin
[ 2012-11-13T17:34:22+08:00 ] ERR: (ThinkException) 无法加载模块Admin
[ 2012-11-13T17:34:23+08:00 ] ERR: (ThinkException) 无法加载模块Admin
[ 2012-11-13T17:34:23+08:00 ] ERR: (ThinkException) 无法加载模块Admin
[ 2012-11-13T17:34:23+08:00 ] ERR: (ThinkException) 无法加载模块Admin
[ 2012-11-13T17:35:11+08:00 ] ERR: (ThinkException) 无法加载模块q1
[ 2012-11-13T17:36:07+08:00 ] ERR: (ThinkException) 无法加载模块q1
[ 2012-11-13T17:37:09+08:00 ] ERR: (ThinkException) 无法加载模块q1
[ 2012-11-13T17:45:19+08:00 ] ERR: (ThinkException) 无法加载模块q1
[ 2012-11-13T17:47:31+08:00 ] ERR: (ThinkException) 无法加载模块q1
[ 2012-11-13T17:47:42+08:00 ] ERR: (ThinkException) 无法加载模块q1
[ 2012-11-13T17:47:57+08:00 ] ERR: (ThinkException) 无法加载模块Admin
[ 2012-11-13T17:48:33+08:00 ] ERR: (ThinkException) 无法加载模块q1
[ 2012-11-13T17:48:50+08:00 ] ERR: (ThinkException) 无法加载模块q1
[ 2012-11-13T17:50:11+08:00 ] ERR: (ThinkException) 无法加载模块ifr_status
[ 2012-11-13T17:50:11+08:00 ] ERR: (ThinkException) 无法加载模块ifr_status
[ 2012-11-13T17:51:25+08:00 ] ERR: (ThinkException) 无法加载模块q1
[ 2012-11-13T17:56:56+08:00 ] ERR: (ThinkException) 无法加载模块q1
[ 2012-11-13T17:59:01+08:00 ] ERR: (ThinkException) 无法加载模块q1
[ 2012-11-13T17:59:31+08:00 ] ERR: (ThinkException) 无法加载模块q1
[ 2012-11-13T18:02:15+08:00 ] ERR: (ThinkException) 无法加载模块q1
[ 2012-11-13T18:05:09+08:00 ] ERR: (ThinkException) 无法加载模块q1
[ 2012-11-13T18:11:03+08:00 ] ERR: (ThinkException) 无法加载模块robots.txt
[ 2012-11-13T18:11:33+08:00 ] ERR: (ThinkException) 无法加载模块Admin
[ 2012-11-13T18:16:15+08:00 ] ERR: (ThinkException) 无法加载模块q1
[ 2012-11-13T18:20:11+08:00 ] ERR: (ThinkException) 无法加载模块ifr_status
[ 2012-11-13T18:26:23+08:00 ] ERR: (ThinkException) 无法加载模块robots.txt
[ 2012-11-13T18:26:24+08:00 ] ERR: (ThinkException) 无法加载模块wordrank
[ 2012-11-13T18:30:17+08:00 ] ERR: (ThinkException) 无法加载模块q1
[ 2012-11-13T18:36:57+08:00 ] ERR: (ThinkException) 无法加载模块wordrank
[ 2012-11-13T18:38:36+08:00 ] ERR: (ThinkException) 无法加载模块q1
[ 2012-11-13T18:39:01+08:00 ] ERR: (ThinkException) 无法加载模块q1
[ 2012-11-13T18:39:59+08:00 ] ERR: (ThinkException) 无法加载模块q1
[ 2012-11-13T18:44:16+08:00 ] ERR: (ThinkException) 无法加载模块q1
[ 2012-11-13T18:47:53+08:00 ] ERR: (ThinkException) 无法加载模块q1
[ 2012-11-13T18:50:11+08:00 ] ERR: (ThinkException) 无法加载模块ifr_status
[ 2012-11-13T18:50:45+08:00 ] ERR: (ThinkException) 无法加载模块robots.txt
[ 2012-11-13T18:50:45+08:00 ] ERR: (ThinkException) 无法加载模块wordrank
[ 2012-11-13T18:56:25+08:00 ] ERR: (ThinkException) 无法加载模块q1
[ 2012-11-13T18:58:16+08:00 ] ERR: (ThinkException) 无法加载模块q1
[ 2012-11-13T19:03:45+08:00 ] ERR: (ThinkException) 无法加载模块wordrank
[ 2012-11-13T19:20:12+08:00 ] ERR: (ThinkException) 无法加载模块ifr_status
[ 2012-11-13T19:38:53+08:00 ] ERR: (ThinkException) 无法加载模块robots.txt
[ 2012-11-13T19:45:45+08:00 ] ERR: (ThinkException) 无法加载模块Admin
[ 2012-11-13T19:45:46+08:00 ] ERR: (ThinkException) 无法加载模块Admin
[ 2012-11-13T19:45:46+08:00 ] ERR: (ThinkException) 无法加载模块Admin
[ 2012-11-13T19:45:46+08:00 ] ERR: (ThinkException) 无法加载模块Admin
[ 2012-11-13T19:45:46+08:00 ] ERR: (ThinkException) 无法加载模块Admin
[ 2012-11-13T19:45:46+08:00 ] ERR: (ThinkException) 无法加载模块Admin
[ 2012-11-13T19:48:01+08:00 ] ERR: (ThinkException) 无法加载模块Admin
[ 2012-11-13T19:48:11+08:00 ] ERR: (ThinkException) 无法加载模块Admin
[ 2012-11-13T19:48:11+08:00 ] ERR: (ThinkException) 无法加载模块Admin
[ 2012-11-13T19:48:12+08:00 ] ERR: (ThinkException) 无法加载模块Admin
[ 2012-11-13T19:50:12+08:00 ] ERR: (ThinkException) 无法加载模块ifr_status
[ 2012-11-13T20:04:48+08:00 ] ERR: (ThinkException) 无法加载模块manager
[ 2012-11-13T20:06:39+08:00 ] ERR: (ThinkException) 无法加载模块Admin
[ 2012-11-13T20:06:40+08:00 ] ERR: (ThinkException) 无法加载模块Admin
[ 2012-11-13T20:06:53+08:00 ] ERR: (ThinkException) 无法加载模块Public
[ 2012-11-13T20:07:38+08:00 ] ERR: (ThinkException) 无法加载模块Public
[ 2012-11-13T20:10:49+08:00 ] ERR: (ThinkException) 无法加载模块Admin
[ 2012-11-13T20:12:09+08:00 ] ERR: (ThinkException) 无法加载模块Admin
[ 2012-11-13T20:12:10+08:00 ] ERR: (ThinkException) 无法加载模块Admin
[ 2012-11-13T20:12:11+08:00 ] ERR: (ThinkException) 无法加载模块Admin
[ 2012-11-13T20:14:21+08:00 ] ERR: (ThinkException) 无法加载模块Admin
[ 2012-11-13T20:14:31+08:00 ] ERR: (ThinkException) 无法加载模块Admin
[ 2012-11-13T20:16:56+08:00 ] ERR: (ThinkException) 无法加载模块robots.txt
[ 2012-11-13T20:16:57+08:00 ] ERR: (ThinkException) 无法加载模块q1
[ 2012-11-13T20:20:12+08:00 ] ERR: (ThinkException) 无法加载模块ifr_status
[ 2012-11-13T20:20:52+08:00 ] ERR: (ThinkException) 无法加载模块Admin
[ 2012-11-13T20:20:53+08:00 ] ERR: (ThinkException) 无法加载模块Admin
[ 2012-11-13T20:20:57+08:00 ] ERR: (ThinkException) 无法加载模块Adminindex
[ 2012-11-13T20:21:08+08:00 ] ERR: (ThinkException) 无法加载模块Adminindex
[ 2012-11-13T20:21:09+08:00 ] ERR: (ThinkException) 无法加载模块Adminindex
[ 2012-11-13T20:21:10+08:00 ] ERR: (ThinkException) 无法加载模块Adminindex
[ 2012-11-13T20:21:40+08:00 ] ERR: (ThinkException) 无法加载模块q1
[ 2012-11-13T20:22:47+08:00 ] ERR: (ThinkException) 无法加载模块q1
[ 2012-11-13T20:30:31+08:00 ] ERR: (ThinkException) 无法加载模块temp.html
[ 2012-11-13T20:32:16+08:00 ] ERR: (ThinkException) 无法加载模块temp.html
[ 2012-11-13T20:41:05+08:00 ] ERR: (ThinkException) 无法加载模块Admin
[ 2012-11-13T20:44:02+08:00 ] ERR: (ThinkException) 无法加载模块q1
[ 2012-11-13T20:44:09+08:00 ] ERR: (ThinkException) 无法加载模块App
[ 2012-11-13T20:44:10+08:00 ] ERR: (ThinkException) 无法加载模块App
[ 2012-11-13T20:44:36+08:00 ] ERR: (ThinkException) 无法加载模块App
[ 2012-11-13T20:44:36+08:00 ] ERR: (ThinkException) 无法加载模块App
[ 2012-11-13T20:46:41+08:00 ] ERR: (ThinkException) 无法加载模块App
[ 2012-11-13T20:46:41+08:00 ] ERR: (ThinkException) 无法加载模块App
[ 2012-11-13T20:49:37+08:00 ] ERR: (ThinkException) 无法加载模块App
[ 2012-11-13T20:49:37+08:00 ] ERR: (ThinkException) 无法加载模块App
[ 2012-11-13T20:50:02+08:00 ] ERR: (ThinkException) 无法加载模块Admin
[ 2012-11-13T20:50:12+08:00 ] ERR: (ThinkException) 无法加载模块ifr_status
[ 2012-11-13T20:50:12+08:00 ] ERR: (ThinkException) 无法加载模块ifr_status
[ 2012-11-13T21:00:55+08:00 ] ERR: (ThinkException) 无法加载模块temp.html
[ 2012-11-13T21:20:12+08:00 ] ERR: (ThinkException) 无法加载模块ifr_status
[ 2012-11-13T21:50:13+08:00 ] ERR: (ThinkException) 无法加载模块ifr_status
[ 2012-11-13T21:57:47+08:00 ] ERR: (ThinkException) 无法加载模块ifr_status
[ 2012-11-13T22:27:47+08:00 ] ERR: (ThinkException) 无法加载模块ifr_status
[ 2012-11-13T22:57:53+08:00 ] ERR: (ThinkException) 无法加载模块ifr_status
[ 2012-11-13T23:27:52+08:00 ] ERR: (ThinkException) 无法加载模块ifr_status
[ 2012-11-13T23:50:03+08:00 ] ERR: (ThinkException) 无法加载模块wordrank
[ 2012-11-13T23:51:08+08:00 ] ERR: (ThinkException) 无法加载模块robots.txt
[ 2012-11-13T23:51:09+08:00 ] ERR: (ThinkException) 无法加载模块q1
[ 2012-11-13T23:56:57+08:00 ] ERR: (ThinkException) 无法加载模块wordrank
[ 2012-11-13T23:57:38+08:00 ] ERR: (ThinkException) 无法加载模块q1
[ 2012-11-13T23:57:52+08:00 ] ERR: (ThinkException) 无法加载模块ifr_status
[ 2012-11-13T23:57:54+08:00 ] ERR: (ThinkException) 无法加载模块wordrank
